<?xml version="1.0" encoding="UTF-8"?>
<robot generator="Robot 7.2.2 (Python 3.13.2 on win32)" generated="2025-05-05T13:47:40.832783" rpa="false" schemaversion="5">
<suite id="s1" name="Login Test" source="C:\Users\z0053u3m\PycharmProjects\PythonProject1\tests\login_test.robot">
<test id="s1-t1" name="Login Test Template" line="12">
<error>
<msg time="2025-05-05T13:47:45.999166" level="FAIL">Setting 'Arguments' is not allowed with tests or tasks.</msg>
<value>[Arguments]</value>
<status status="FAIL" start="2025-05-05T13:47:45.999094" elapsed="0.000129">Setting 'Arguments' is not allowed with tests or tasks.</status>
</error>
<kw name="Login Test Template">
<msg time="2025-05-05T13:47:46.001286" level="FAIL">No keyword with name 'Login Test Template' found. Did you try using keyword 'BuiltIn.Log' and forgot to use enough whitespace between keyword and arguments?</msg>
<arg>Open Browser And Navigate To URL</arg>
<arg>https://tutorialsninja.com/demo</arg>
<status status="FAIL" start="2025-05-05T13:47:46.001238" elapsed="0.000084">No keyword with name 'Login Test Template' found. Did you try using keyword 'BuiltIn.Log' and forgot to use enough whitespace between keyword and arguments?</status>
</kw>
<kw name="Login Test Template">
<msg time="2025-05-05T13:47:46.002851" level="FAIL">No keyword with name 'Login Test Template' found. Did you try using keyword 'BuiltIn.Log' and forgot to use enough whitespace between keyword and arguments?</msg>
<arg>Navigate To Login Page</arg>
<status status="FAIL" start="2025-05-05T13:47:46.002817" elapsed="0.000062">No keyword with name 'Login Test Template' found. Did you try using keyword 'BuiltIn.Log' and forgot to use enough whitespace between keyword and arguments?</status>
</kw>
<kw name="Login Test Template">
<msg time="2025-05-05T13:47:46.004383" level="FAIL">No keyword with name 'Login Test Template' found. Did you try using keyword 'BuiltIn.Log' and forgot to use enough whitespace between keyword and arguments?</msg>
<arg>Login To Account</arg>
<arg>${email}</arg>
<arg>${password}</arg>
<status status="FAIL" start="2025-05-05T13:47:46.004353" elapsed="0.000058">No keyword with name 'Login Test Template' found. Did you try using keyword 'BuiltIn.Log' and forgot to use enough whitespace between keyword and arguments?</status>
</kw>
<kw name="Login Test Template">
<msg time="2025-05-05T13:47:46.005937" level="FAIL">No keyword with name 'Login Test Template' found. Did you try using keyword 'BuiltIn.Log' and forgot to use enough whitespace between keyword and arguments?</msg>
<arg>${actual_result}=</arg>
<arg>Run Keyword And Return Status</arg>
<arg>Verify Login Success</arg>
<status status="FAIL" start="2025-05-05T13:47:46.005891" elapsed="0.000093">No keyword with name 'Login Test Template' found. Did you try using keyword 'BuiltIn.Log' and forgot to use enough whitespace between keyword and arguments?</status>
</kw>
<kw name="Login Test Template">
<msg time="2025-05-05T13:47:46.007447" level="FAIL">No keyword with name 'Login Test Template' found. Did you try using keyword 'BuiltIn.Log' and forgot to use enough whitespace between keyword and arguments?</msg>
<arg>Should Be Equal</arg>
<arg>${actual_result}</arg>
<arg>${expected_result}</arg>
<status status="FAIL" start="2025-05-05T13:47:46.007413" elapsed="0.000067">No keyword with name 'Login Test Template' found. Did you try using keyword 'BuiltIn.Log' and forgot to use enough whitespace between keyword and arguments?</status>
</kw>
<kw name="Login Test Template">
<msg time="2025-05-05T13:47:46.009294" level="FAIL">No keyword with name 'Login Test Template' found. Did you try using keyword 'BuiltIn.Log' and forgot to use enough whitespace between keyword and arguments?</msg>
<arg>Close Browser</arg>
<status status="FAIL" start="2025-05-05T13:47:46.009258" elapsed="0.000066">No keyword with name 'Login Test Template' found. Did you try using keyword 'BuiltIn.Log' and forgot to use enough whitespace between keyword and arguments?</status>
</kw>
<status status="FAIL" start="2025-05-05T13:47:45.997519" elapsed="0.012229">Several failures occurred:

1) Setting 'Arguments' is not allowed with tests or tasks.

2) No keyword with name 'Login Test Template' found. Did you try using keyword 'BuiltIn.Log' and forgot to use enough whitespace between keyword and arguments?

3) No keyword with name 'Login Test Template' found. Did you try using keyword 'BuiltIn.Log' and forgot to use enough whitespace between keyword and arguments?

4) No keyword with name 'Login Test Template' found. Did you try using keyword 'BuiltIn.Log' and forgot to use enough whitespace between keyword and arguments?

5) No keyword with name 'Login Test Template' found. Did you try using keyword 'BuiltIn.Log' and forgot to use enough whitespace between keyword and arguments?

6) No keyword with name 'Login Test Template' found. Did you try using keyword 'BuiltIn.Log' and forgot to use enough whitespace between keyword and arguments?

7) No keyword with name 'Login Test Template' found. Did you try using keyword 'BuiltIn.Log' and forgot to use enough whitespace between keyword and arguments?</status>
</test>
<status status="FAIL" start="2025-05-05T13:47:40.834566" elapsed="5.176864"/>
</suite>
<statistics>
<total>
<stat pass="0" fail="1" skip="0">All Tests</stat>
</total>
<tag>
</tag>
<suite>
<stat name="Login Test" id="s1" pass="0" fail="1" skip="0">Login Test</stat>
</suite>
</statistics>
<errors>
<msg time="2025-05-05T13:47:45.957063" level="ERROR">[ DataDriver ] Error in robot file:
  File "C:\Users\z0053u3m\PycharmProjects\PythonProject1\tests\login_test.robot", line 0</msg>
<msg time="2025-05-05T13:47:45.957460" level="ERROR">In source file:
  File "C:\Users\z0053u3m\PycharmProjects\PythonProject1\tests\..\variables\login_test.xlsx", line 0</msg>
<msg time="2025-05-05T13:47:45.996798" level="ERROR">Calling method '_start_suite' of listener 'DataDriver' failed: AttributeError: No "Test Template" keyword found for first test case.</msg>
</errors>
</robot>
